# JRE version: OpenJDK Runtime Environment (8.0_242-b01) (build 1.8.0_242-release-1644-b01)
# Java VM: OpenJDK 64-Bit Server VM (25.242-b01 mixed mode windows-amd64 compressed oops)
Heap:
 PSYoungGen      total 125440K, used 48823K [0x00000000d5580000, 0x00000000dec80000, 0x0000000100000000)
  eden space 107520K, 45% used [0x00000000d5580000,0x00000000d852ded8,0x00000000dbe80000)
  from space 17920K, 0% used [0x00000000dd000000,0x00000000dd000000,0x00000000de180000)
  to   space 17920K, 0% used [0x00000000dbe80000,0x00000000dbe80000,0x00000000dd000000)
 ParOldGen       total 158720K, used 30934K [0x0000000080000000, 0x0000000089b00000, 0x00000000d5580000)
  object space 158720K, 19% used [0x0000000080000000,0x0000000081e358b8,0x0000000089b00000)
 Metaspace       used 58891K, capacity 61190K, committed 61336K, reserved 1101824K
  class space    used 8066K, capacity 8546K, committed 8616K, reserved 1048576K
GC Heap History (10 events):
Event: 28.987 GC heap before
{Heap before GC invocations=11 (full 2):
 PSYoungGen      total 72704K, used 66331K [0x00000000d5580000, 0x00000000dc680000, 0x0000000100000000)
  eden space 60928K, 100% used [0x00000000d5580000,0x00000000d9100000,0x00000000d9100000)
  from space 11776K, 45% used [0x00000000d9d00000,0x00000000da246ff8,0x00000000da880000)
  to   space 12288K, 0% used [0x00000000d9100000,0x00000000d9100000,0x00000000d9d00000)
 ParOldGen       total 120832K, used 16104K [0x0000000080000000, 0x0000000087600000, 0x00000000d5580000)
  object space 120832K, 13% used [0x0000000080000000,0x0000000080fba3d8,0x0000000087600000)
 Metaspace       used 43053K, capacity 44622K, committed 44968K, reserved 1087488K
  class space    used 5824K, capacity 6198K, committed 6312K, reserved 1048576K
Event: 28.994 GC heap after
Heap after GC invocations=11 (full 2):
 PSYoungGen      total 73216K, used 10635K [0x00000000d5580000, 0x00000000dbc00000, 0x0000000100000000)
  eden space 60928K, 0% used [0x00000000d5580000,0x00000000d5580000,0x00000000d9100000)
  from space 12288K, 86% used [0x00000000d9100000,0x00000000d9b62f88,0x00000000d9d00000)
  to   space 12800K, 0% used [0x00000000daf80000,0x00000000daf80000,0x00000000dbc00000)
 ParOldGen       total 120832K, used 16112K [0x0000000080000000, 0x0000000087600000, 0x00000000d5580000)
  object space 120832K, 13% used [0x0000000080000000,0x0000000080fbc3d8,0x0000000087600000)
 Metaspace       used 43053K, capacity 44622K, committed 44968K, reserved 1087488K
  class space    used 5824K, capacity 6198K, committed 6312K, reserved 1048576K
}
Event: 29.762 GC heap before
{Heap before GC invocations=12 (full 2):
 PSYoungGen      total 73216K, used 71563K [0x00000000d5580000, 0x00000000dbc00000, 0x0000000100000000)
  eden space 60928K, 100% used [0x00000000d5580000,0x00000000d9100000,0x00000000d9100000)
  from space 12288K, 86% used [0x00000000d9100000,0x00000000d9b62f88,0x00000000d9d00000)
  to   space 12800K, 0% used [0x00000000daf80000,0x00000000daf80000,0x00000000dbc00000)
 ParOldGen       total 120832K, used 16112K [0x0000000080000000, 0x0000000087600000, 0x00000000d5580000)
  object space 120832K, 13% used [0x0000000080000000,0x0000000080fbc3d8,0x0000000087600000)
 Metaspace       used 47793K, capacity 49498K, committed 49576K, reserved 1091584K
  class space    used 6440K, capacity 6794K, committed 6824K, reserved 1048576K
Event: 29.780 GC heap after
Heap after GC invocations=12 (full 2):
 PSYoungGen      total 90112K, used 12784K [0x00000000d5580000, 0x00000000dc400000, 0x0000000100000000)
  eden space 77312K, 0% used [0x00000000d5580000,0x00000000d5580000,0x00000000da100000)
  from space 12800K, 99% used [0x00000000daf80000,0x00000000dbbfc228,0x00000000dbc00000)
  to   space 14848K, 0% used [0x00000000da100000,0x00000000da100000,0x00000000daf80000)
 ParOldGen       total 120832K, used 18009K [0x0000000080000000, 0x0000000087600000, 0x00000000d5580000)
  object space 120832K, 14% used [0x0000000080000000,0x00000000811964c0,0x0000000087600000)
 Metaspace       used 47793K, capacity 49498K, committed 49576K, reserved 1091584K
  class space    used 6440K, capacity 6794K, committed 6824K, reserved 1048576K
}
Event: 30.997 GC heap before
{Heap before GC invocations=13 (full 2):
 PSYoungGen      total 90112K, used 90096K [0x00000000d5580000, 0x00000000dc400000, 0x0000000100000000)
  eden space 77312K, 100% used [0x00000000d5580000,0x00000000da100000,0x00000000da100000)
  from space 12800K, 99% used [0x00000000daf80000,0x00000000dbbfc228,0x00000000dbc00000)
  to   space 14848K, 0% used [0x00000000da100000,0x00000000da100000,0x00000000daf80000)
 ParOldGen       total 120832K, used 18009K [0x0000000080000000, 0x0000000087600000, 0x00000000d5580000)
  object space 120832K, 14% used [0x0000000080000000,0x00000000811964c0,0x0000000087600000)
 Metaspace       used 54772K, capacity 56816K, committed 57128K, reserved 1097728K
  class space    used 7454K, capacity 7901K, committed 7976K, reserved 1048576K
Event: 31.020 GC heap after
Heap after GC invocations=13 (full 2):
 PSYoungGen      total 92160K, used 14822K [0x00000000d5580000, 0x00000000de180000, 0x0000000100000000)
  eden space 77312K, 0% used [0x00000000d5580000,0x00000000d5580000,0x00000000da100000)
  from space 14848K, 99% used [0x00000000da100000,0x00000000daf79af8,0x00000000daf80000)
  to   space 17920K, 0% used [0x00000000dd000000,0x00000000dd000000,0x00000000de180000)
 ParOldGen       total 120832K, used 22717K [0x0000000080000000, 0x0000000087600000, 0x00000000d5580000)
  object space 120832K, 18% used [0x0000000080000000,0x000000008162f450,0x0000000087600000)
 Metaspace       used 54772K, capacity 56816K, committed 57128K, reserved 1097728K
  class space    used 7454K, capacity 7901K, committed 7976K, reserved 1048576K
}
Event: 31.517 GC heap before
{Heap before GC invocations=14 (full 2):
 PSYoungGen      total 92160K, used 57650K [0x00000000d5580000, 0x00000000de180000, 0x0000000100000000)
  eden space 77312K, 55% used [0x00000000d5580000,0x00000000d7f52d90,0x00000000da100000)
  from space 14848K, 99% used [0x00000000da100000,0x00000000daf79af8,0x00000000daf80000)
  to   space 17920K, 0% used [0x00000000dd000000,0x00000000dd000000,0x00000000de180000)
 ParOldGen       total 120832K, used 22717K [0x0000000080000000, 0x0000000087600000, 0x00000000d5580000)
  object space 120832K, 18% used [0x0000000080000000,0x000000008162f450,0x0000000087600000)
 Metaspace       used 56996K, capacity 59068K, committed 59160K, reserved 1099776K
  class space    used 7785K, capacity 8206K, committed 8232K, reserved 1048576K
Event: 31.619 GC heap after
Heap after GC invocations=14 (full 2):
 PSYoungGen      total 125440K, used 7728K [0x00000000d5580000, 0x00000000dec80000, 0x0000000100000000)
  eden space 107520K, 0% used [0x00000000d5580000,0x00000000d5580000,0x00000000dbe80000)
  from space 17920K, 43% used [0x00000000dd000000,0x00000000dd78c0c0,0x00000000de180000)
  to   space 17920K, 0% used [0x00000000dbe80000,0x00000000dbe80000,0x00000000dd000000)
 ParOldGen       total 120832K, used 29846K [0x0000000080000000, 0x0000000087600000, 0x00000000d5580000)
  object space 120832K, 24% used [0x0000000080000000,0x0000000081d25a70,0x0000000087600000)
 Metaspace       used 56996K, capacity 59068K, committed 59160K, reserved 1099776K
  class space    used 7785K, capacity 8206K, committed 8232K, reserved 1048576K
}
Event: 31.619 GC heap before
{Heap before GC invocations=15 (full 3):
 PSYoungGen      total 125440K, used 7728K [0x00000000d5580000, 0x00000000dec80000, 0x0000000100000000)
  eden space 107520K, 0% used [0x00000000d5580000,0x00000000d5580000,0x00000000dbe80000)
  from space 17920K, 43% used [0x00000000dd000000,0x00000000dd78c0c0,0x00000000de180000)
  to   space 17920K, 0% used [0x00000000dbe80000,0x00000000dbe80000,0x00000000dd000000)
 ParOldGen       total 120832K, used 29846K [0x0000000080000000, 0x0000000087600000, 0x00000000d5580000)
  object space 120832K, 24% used [0x0000000080000000,0x0000000081d25a70,0x0000000087600000)
 Metaspace       used 56996K, capacity 59068K, committed 59160K, reserved 1099776K
  class space    used 7785K, capacity 8206K, committed 8232K, reserved 1048576K
Event: 31.869 GC heap after
Heap after GC invocations=15 (full 3):
 PSYoungGen      total 125440K, used 0K [0x00000000d5580000, 0x00000000dec80000, 0x0000000100000000)
  eden space 107520K, 0% used [0x00000000d5580000,0x00000000d5580000,0x00000000dbe80000)
  from space 17920K, 0% used [0x00000000dd000000,0x00000000dd000000,0x00000000de180000)
  to   space 17920K, 0% used [0x00000000dbe80000,0x00000000dbe80000,0x00000000dd000000)
 ParOldGen       total 158720K, used 30934K [0x0000000080000000, 0x0000000089b00000, 0x00000000d5580000)
  object space 158720K, 19% used [0x0000000080000000,0x0000000081e358b8,0x0000000089b00000)
 Metaspace       used 56960K, capacity 58948K, committed 59160K, reserved 1099776K
  class space    used 7774K, capacity 8186K, committed 8232K, reserved 1048576K
}

