# JRE version: OpenJDK Runtime Environment (8.0_242-b01) (build 1.8.0_242-release-1644-b01)
# Java VM: OpenJDK 64-Bit Server VM (25.242-b01 mixed mode windows-amd64 compressed oops)
Heap:
 PSYoungGen      total 290816K, used 24568K [0x00000000d5580000, 0x00000000e9a80000, 0x0000000100000000)
  eden space 258048K, 5% used [0x00000000d5580000,0x00000000d62ba450,0x00000000e5180000)
  from space 32768K, 33% used [0x00000000e5180000,0x00000000e5c43f80,0x00000000e7180000)
  to   space 31744K, 0% used [0x00000000e7b80000,0x00000000e7b80000,0x00000000e9a80000)
 ParOldGen       total 294400K, used 59314K [0x0000000080000000, 0x0000000091f80000, 0x00000000d5580000)
  object space 294400K, 20% used [0x0000000080000000,0x00000000839eca40,0x0000000091f80000)
 Metaspace       used 107011K, capacity 114171K, committed 114472K, reserved 1148928K
  class space    used 13973K, capacity 15295K, committed 15408K, reserved 1048576K
GC Heap History (10 events):
Event: 11248.501 GC heap before
{Heap before GC invocations=25 (full 4):
 PSYoungGen      total 261632K, used 247869K [0x00000000d5580000, 0x00000000e7680000, 0x0000000100000000)
  eden space 233472K, 100% used [0x00000000d5580000,0x00000000e3980000,0x00000000e3980000)
  from space 28160K, 51% used [0x00000000e5b00000,0x00000000e690f510,0x00000000e7680000)
  to   space 31232K, 0% used [0x00000000e3980000,0x00000000e3980000,0x00000000e5800000)
 ParOldGen       total 294400K, used 59274K [0x0000000080000000, 0x0000000091f80000, 0x00000000d5580000)
  object space 294400K, 20% used [0x0000000080000000,0x00000000839e2a40,0x0000000091f80000)
 Metaspace       used 105395K, capacity 112087K, committed 112168K, reserved 1146880K
  class space    used 13843K, capacity 15119K, committed 15152K, reserved 1048576K
Event: 11248.523 GC heap after
Heap after GC invocations=25 (full 4):
 PSYoungGen      total 264704K, used 21603K [0x00000000d5580000, 0x00000000e8a80000, 0x0000000100000000)
  eden space 233472K, 0% used [0x00000000d5580000,0x00000000d5580000,0x00000000e3980000)
  from space 31232K, 69% used [0x00000000e3980000,0x00000000e4e98d90,0x00000000e5800000)
  to   space 32256K, 0% used [0x00000000e6b00000,0x00000000e6b00000,0x00000000e8a80000)
 ParOldGen       total 294400K, used 59282K [0x0000000080000000, 0x0000000091f80000, 0x00000000d5580000)
  object space 294400K, 20% used [0x0000000080000000,0x00000000839e4a40,0x0000000091f80000)
 Metaspace       used 105395K, capacity 112087K, committed 112168K, reserved 1146880K
  class space    used 13843K, capacity 15119K, committed 15152K, reserved 1048576K
}
Event: 11264.720 GC heap before
{Heap before GC invocations=26 (full 4):
 PSYoungGen      total 264704K, used 255075K [0x00000000d5580000, 0x00000000e8a80000, 0x0000000100000000)
  eden space 233472K, 100% used [0x00000000d5580000,0x00000000e3980000,0x00000000e3980000)
  from space 31232K, 69% used [0x00000000e3980000,0x00000000e4e98d90,0x00000000e5800000)
  to   space 32256K, 0% used [0x00000000e6b00000,0x00000000e6b00000,0x00000000e8a80000)
 ParOldGen       total 294400K, used 59282K [0x0000000080000000, 0x0000000091f80000, 0x00000000d5580000)
  object space 294400K, 20% used [0x0000000080000000,0x00000000839e4a40,0x0000000091f80000)
 Metaspace       used 105684K, capacity 112469K, committed 112680K, reserved 1146880K
  class space    used 13855K, capacity 15140K, committed 15152K, reserved 1048576K
Event: 11264.728 GC heap after
Heap after GC invocations=26 (full 4):
 PSYoungGen      total 274944K, used 10745K [0x00000000d5580000, 0x00000000e8500000, 0x0000000100000000)
  eden space 248320K, 0% used [0x00000000d5580000,0x00000000d5580000,0x00000000e4800000)
  from space 26624K, 40% used [0x00000000e6b00000,0x00000000e757e6a8,0x00000000e8500000)
  to   space 31232K, 0% used [0x00000000e4800000,0x00000000e4800000,0x00000000e6680000)
 ParOldGen       total 294400K, used 59290K [0x0000000080000000, 0x0000000091f80000, 0x00000000d5580000)
  object space 294400K, 20% used [0x0000000080000000,0x00000000839e6a40,0x0000000091f80000)
 Metaspace       used 105684K, capacity 112469K, committed 112680K, reserved 1146880K
  class space    used 13855K, capacity 15140K, committed 15152K, reserved 1048576K
}
Event: 11626.859 GC heap before
{Heap before GC invocations=27 (full 4):
 PSYoungGen      total 274944K, used 259065K [0x00000000d5580000, 0x00000000e8500000, 0x0000000100000000)
  eden space 248320K, 100% used [0x00000000d5580000,0x00000000e4800000,0x00000000e4800000)
  from space 26624K, 40% used [0x00000000e6b00000,0x00000000e757e6a8,0x00000000e8500000)
  to   space 31232K, 0% used [0x00000000e4800000,0x00000000e4800000,0x00000000e6680000)
 ParOldGen       total 294400K, used 59290K [0x0000000080000000, 0x0000000091f80000, 0x00000000d5580000)
  object space 294400K, 20% used [0x0000000080000000,0x00000000839e6a40,0x0000000091f80000)
 Metaspace       used 105980K, capacity 113101K, committed 113320K, reserved 1146880K
  class space    used 13889K, capacity 15202K, committed 15280K, reserved 1048576K
Event: 11626.869 GC heap after
Heap after GC invocations=27 (full 4):
 PSYoungGen      total 279552K, used 9728K [0x00000000d5580000, 0x00000000e8f00000, 0x0000000100000000)
  eden space 248320K, 0% used [0x00000000d5580000,0x00000000d5580000,0x00000000e4800000)
  from space 31232K, 31% used [0x00000000e4800000,0x00000000e51800f0,0x00000000e6680000)
  to   space 30208K, 0% used [0x00000000e7180000,0x00000000e7180000,0x00000000e8f00000)
 ParOldGen       total 294400K, used 59298K [0x0000000080000000, 0x0000000091f80000, 0x00000000d5580000)
  object space 294400K, 20% used [0x0000000080000000,0x00000000839e8a40,0x0000000091f80000)
 Metaspace       used 105980K, capacity 113101K, committed 113320K, reserved 1146880K
  class space    used 13889K, capacity 15202K, committed 15280K, reserved 1048576K
}
Event: 11629.019 GC heap before
{Heap before GC invocations=28 (full 4):
 PSYoungGen      total 279552K, used 258048K [0x00000000d5580000, 0x00000000e8f00000, 0x0000000100000000)
  eden space 248320K, 100% used [0x00000000d5580000,0x00000000e4800000,0x00000000e4800000)
  from space 31232K, 31% used [0x00000000e4800000,0x00000000e51800f0,0x00000000e6680000)
  to   space 30208K, 0% used [0x00000000e7180000,0x00000000e7180000,0x00000000e8f00000)
 ParOldGen       total 294400K, used 59298K [0x0000000080000000, 0x0000000091f80000, 0x00000000d5580000)
  object space 294400K, 20% used [0x0000000080000000,0x00000000839e8a40,0x0000000091f80000)
 Metaspace       used 106785K, capacity 113881K, committed 114088K, reserved 1148928K
  class space    used 13958K, capacity 15270K, committed 15280K, reserved 1048576K
Event: 11629.039 GC heap after
Heap after GC invocations=28 (full 4):
 PSYoungGen      total 288256K, used 24711K [0x00000000d5580000, 0x00000000e9980000, 0x0000000100000000)
  eden space 258048K, 0% used [0x00000000d5580000,0x00000000d5580000,0x00000000e5180000)
  from space 30208K, 81% used [0x00000000e7180000,0x00000000e89a1f98,0x00000000e8f00000)
  to   space 32768K, 0% used [0x00000000e5180000,0x00000000e5180000,0x00000000e7180000)
 ParOldGen       total 294400K, used 59306K [0x0000000080000000, 0x0000000091f80000, 0x00000000d5580000)
  object space 294400K, 20% used [0x0000000080000000,0x00000000839eaa40,0x0000000091f80000)
 Metaspace       used 106785K, capacity 113881K, committed 114088K, reserved 1148928K
  class space    used 13958K, capacity 15270K, committed 15280K, reserved 1048576K
}
Event: 16848.988 GC heap before
{Heap before GC invocations=29 (full 4):
 PSYoungGen      total 288256K, used 282759K [0x00000000d5580000, 0x00000000e9980000, 0x0000000100000000)
  eden space 258048K, 100% used [0x00000000d5580000,0x00000000e5180000,0x00000000e5180000)
  from space 30208K, 81% used [0x00000000e7180000,0x00000000e89a1f98,0x00000000e8f00000)
  to   space 32768K, 0% used [0x00000000e5180000,0x00000000e5180000,0x00000000e7180000)
 ParOldGen       total 294400K, used 59306K [0x0000000080000000, 0x0000000091f80000, 0x00000000d5580000)
  object space 294400K, 20% used [0x0000000080000000,0x00000000839eaa40,0x0000000091f80000)
 Metaspace       used 107006K, capacity 114171K, committed 114472K, reserved 1148928K
  class space    used 13973K, capacity 15295K, committed 15408K, reserved 1048576K
Event: 16849.022 GC heap after
Heap after GC invocations=29 (full 4):
 PSYoungGen      total 290816K, used 11023K [0x00000000d5580000, 0x00000000e9a80000, 0x0000000100000000)
  eden space 258048K, 0% used [0x00000000d5580000,0x00000000d5580000,0x00000000e5180000)
  from space 32768K, 33% used [0x00000000e5180000,0x00000000e5c43f80,0x00000000e7180000)
  to   space 31744K, 0% used [0x00000000e7b80000,0x00000000e7b80000,0x00000000e9a80000)
 ParOldGen       total 294400K, used 59314K [0x0000000080000000, 0x0000000091f80000, 0x00000000d5580000)
  object space 294400K, 20% used [0x0000000080000000,0x00000000839eca40,0x0000000091f80000)
 Metaspace       used 107006K, capacity 114171K, committed 114472K, reserved 1148928K
  class space    used 13973K, capacity 15295K, committed 15408K, reserved 1048576K
}

