# JRE version: OpenJDK Runtime Environment (8.0_242-b01) (build 1.8.0_242-release-1644-b01)
# Java VM: OpenJDK 64-Bit Server VM (25.242-b01 mixed mode windows-amd64 compressed oops)
Heap:
 PSYoungGen      total 95232K, used 19605K [0x00000000d5580000, 0x00000000dcf80000, 0x0000000100000000)
  eden space 78336K, 17% used [0x00000000d5580000,0x00000000d62d5358,0x00000000da200000)
  from space 16896K, 35% used [0x00000000da200000,0x00000000da7d01e0,0x00000000db280000)
  to   space 16896K, 0% used [0x00000000dbf00000,0x00000000dbf00000,0x00000000dcf80000)
 ParOldGen       total 125952K, used 31276K [0x0000000080000000, 0x0000000087b00000, 0x00000000d5580000)
  object space 125952K, 24% used [0x0000000080000000,0x0000000081e8b368,0x0000000087b00000)
 Metaspace       used 60650K, capacity 62934K, committed 63128K, reserved 1103872K
  class space    used 8341K, capacity 8828K, committed 8872K, reserved 1048576K
GC Heap History (10 events):
Event: 28.932 GC heap before
{Heap before GC invocations=12 (full 2):
 PSYoungGen      total 69120K, used 68976K [0x00000000d5580000, 0x00000000da780000, 0x0000000100000000)
  eden space 59392K, 100% used [0x00000000d5580000,0x00000000d8f80000,0x00000000d8f80000)
  from space 9728K, 98% used [0x00000000d9080000,0x00000000d99dc0f0,0x00000000d9a00000)
  to   space 12288K, 0% used [0x00000000d9b80000,0x00000000d9b80000,0x00000000da780000)
 ParOldGen       total 80384K, used 15685K [0x0000000080000000, 0x0000000084e80000, 0x00000000d5580000)
  object space 80384K, 19% used [0x0000000080000000,0x0000000080f514b8,0x0000000084e80000)
 Metaspace       used 47558K, capacity 49260K, committed 49576K, reserved 1091584K
  class space    used 6420K, capacity 6785K, committed 6824K, reserved 1048576K
Event: 28.940 GC heap after
Heap after GC invocations=12 (full 2):
 PSYoungGen      total 70144K, used 12262K [0x00000000d5580000, 0x00000000dbe00000, 0x0000000100000000)
  eden space 57856K, 0% used [0x00000000d5580000,0x00000000d5580000,0x00000000d8e00000)
  from space 12288K, 99% used [0x00000000d9b80000,0x00000000da779968,0x00000000da780000)
  to   space 13824K, 0% used [0x00000000d8e00000,0x00000000d8e00000,0x00000000d9b80000)
 ParOldGen       total 80384K, used 16843K [0x0000000080000000, 0x0000000084e80000, 0x00000000d5580000)
  object space 80384K, 20% used [0x0000000080000000,0x0000000081072d60,0x0000000084e80000)
 Metaspace       used 47558K, capacity 49260K, committed 49576K, reserved 1091584K
  class space    used 6420K, capacity 6785K, committed 6824K, reserved 1048576K
}
Event: 29.980 GC heap before
{Heap before GC invocations=13 (full 2):
 PSYoungGen      total 70144K, used 70118K [0x00000000d5580000, 0x00000000dbe00000, 0x0000000100000000)
  eden space 57856K, 100% used [0x00000000d5580000,0x00000000d8e00000,0x00000000d8e00000)
  from space 12288K, 99% used [0x00000000d9b80000,0x00000000da779968,0x00000000da780000)
  to   space 13824K, 0% used [0x00000000d8e00000,0x00000000d8e00000,0x00000000d9b80000)
 ParOldGen       total 80384K, used 16843K [0x0000000080000000, 0x0000000084e80000, 0x00000000d5580000)
  object space 80384K, 20% used [0x0000000080000000,0x0000000081072d60,0x0000000084e80000)
 Metaspace       used 53289K, capacity 55290K, committed 55592K, reserved 1097728K
  class space    used 7223K, capacity 7697K, committed 7720K, reserved 1048576K
Event: 29.991 GC heap after
Heap after GC invocations=13 (full 2):
 PSYoungGen      total 71680K, used 13795K [0x00000000d5580000, 0x00000000dc280000, 0x0000000100000000)
  eden space 57856K, 0% used [0x00000000d5580000,0x00000000d5580000,0x00000000d8e00000)
  from space 13824K, 99% used [0x00000000d8e00000,0x00000000d9b78e78,0x00000000d9b80000)
  to   space 16384K, 0% used [0x00000000db280000,0x00000000db280000,0x00000000dc280000)
 ParOldGen       total 80384K, used 19679K [0x0000000080000000, 0x0000000084e80000, 0x00000000d5580000)
  object space 80384K, 24% used [0x0000000080000000,0x0000000081337e90,0x0000000084e80000)
 Metaspace       used 53289K, capacity 55290K, committed 55592K, reserved 1097728K
  class space    used 7223K, capacity 7697K, committed 7720K, reserved 1048576K
}
Event: 30.831 GC heap before
{Heap before GC invocations=14 (full 2):
 PSYoungGen      total 71680K, used 68973K [0x00000000d5580000, 0x00000000dc280000, 0x0000000100000000)
  eden space 57856K, 95% used [0x00000000d5580000,0x00000000d8b62750,0x00000000d8e00000)
  from space 13824K, 99% used [0x00000000d8e00000,0x00000000d9b78e78,0x00000000d9b80000)
  to   space 16384K, 0% used [0x00000000db280000,0x00000000db280000,0x00000000dc280000)
 ParOldGen       total 80384K, used 19679K [0x0000000080000000, 0x0000000084e80000, 0x00000000d5580000)
  object space 80384K, 24% used [0x0000000080000000,0x0000000081337e90,0x0000000084e80000)
 Metaspace       used 57058K, capacity 59136K, committed 59160K, reserved 1099776K
  class space    used 7768K, capacity 8223K, committed 8232K, reserved 1048576K
Event: 30.849 GC heap after
Heap after GC invocations=14 (full 2):
 PSYoungGen      total 94720K, used 12873K [0x00000000d5580000, 0x00000000dc680000, 0x0000000100000000)
  eden space 78336K, 0% used [0x00000000d5580000,0x00000000d5580000,0x00000000da200000)
  from space 16384K, 78% used [0x00000000db280000,0x00000000dbf12728,0x00000000dc280000)
  to   space 16896K, 0% used [0x00000000da200000,0x00000000da200000,0x00000000db280000)
 ParOldGen       total 80384K, used 24709K [0x0000000080000000, 0x0000000084e80000, 0x00000000d5580000)
  object space 80384K, 30% used [0x0000000080000000,0x0000000081821710,0x0000000084e80000)
 Metaspace       used 57058K, capacity 59136K, committed 59160K, reserved 1099776K
  class space    used 7768K, capacity 8223K, committed 8232K, reserved 1048576K
}
Event: 30.849 GC heap before
{Heap before GC invocations=15 (full 3):
 PSYoungGen      total 94720K, used 12873K [0x00000000d5580000, 0x00000000dc680000, 0x0000000100000000)
  eden space 78336K, 0% used [0x00000000d5580000,0x00000000d5580000,0x00000000da200000)
  from space 16384K, 78% used [0x00000000db280000,0x00000000dbf12728,0x00000000dc280000)
  to   space 16896K, 0% used [0x00000000da200000,0x00000000da200000,0x00000000db280000)
 ParOldGen       total 80384K, used 24709K [0x0000000080000000, 0x0000000084e80000, 0x00000000d5580000)
  object space 80384K, 30% used [0x0000000080000000,0x0000000081821710,0x0000000084e80000)
 Metaspace       used 57058K, capacity 59136K, committed 59160K, reserved 1099776K
  class space    used 7768K, capacity 8223K, committed 8232K, reserved 1048576K
Event: 31.143 GC heap after
Heap after GC invocations=15 (full 3):
 PSYoungGen      total 94720K, used 0K [0x00000000d5580000, 0x00000000dc680000, 0x0000000100000000)
  eden space 78336K, 0% used [0x00000000d5580000,0x00000000d5580000,0x00000000da200000)
  from space 16384K, 0% used [0x00000000db280000,0x00000000db280000,0x00000000dc280000)
  to   space 16896K, 0% used [0x00000000da200000,0x00000000da200000,0x00000000db280000)
 ParOldGen       total 125952K, used 31268K [0x0000000080000000, 0x0000000087b00000, 0x00000000d5580000)
  object space 125952K, 24% used [0x0000000080000000,0x0000000081e89368,0x0000000087b00000)
 Metaspace       used 57037K, capacity 59064K, committed 59160K, reserved 1099776K
  class space    used 7761K, capacity 8211K, committed 8232K, reserved 1048576K
}
Event: 32.477 GC heap before
{Heap before GC invocations=16 (full 3):
 PSYoungGen      total 94720K, used 78336K [0x00000000d5580000, 0x00000000dc680000, 0x0000000100000000)
  eden space 78336K, 100% used [0x00000000d5580000,0x00000000da200000,0x00000000da200000)
  from space 16384K, 0% used [0x00000000db280000,0x00000000db280000,0x00000000dc280000)
  to   space 16896K, 0% used [0x00000000da200000,0x00000000da200000,0x00000000db280000)
 ParOldGen       total 125952K, used 31268K [0x0000000080000000, 0x0000000087b00000, 0x00000000d5580000)
  object space 125952K, 24% used [0x0000000080000000,0x0000000081e89368,0x0000000087b00000)
 Metaspace       used 60039K, capacity 62324K, committed 62488K, reserved 1103872K
  class space    used 8245K, capacity 8707K, committed 8744K, reserved 1048576K
Event: 32.483 GC heap after
Heap after GC invocations=16 (full 3):
 PSYoungGen      total 95232K, used 5952K [0x00000000d5580000, 0x00000000dcf80000, 0x0000000100000000)
  eden space 78336K, 0% used [0x00000000d5580000,0x00000000d5580000,0x00000000da200000)
  from space 16896K, 35% used [0x00000000da200000,0x00000000da7d01e0,0x00000000db280000)
  to   space 16896K, 0% used [0x00000000dbf00000,0x00000000dbf00000,0x00000000dcf80000)
 ParOldGen       total 125952K, used 31276K [0x0000000080000000, 0x0000000087b00000, 0x00000000d5580000)
  object space 125952K, 24% used [0x0000000080000000,0x0000000081e8b368,0x0000000087b00000)
 Metaspace       used 60039K, capacity 62324K, committed 62488K, reserved 1103872K
  class space    used 8245K, capacity 8707K, committed 8744K, reserved 1048576K
}

